<?xml version="1.0" encoding="UTF-8"?>
<!-- Generated by org.testng.reporters.JUnitReportReporter -->
<testsuite skipped="0" hostname="DESKTOP-4KD4H5I" name="TestngPractice.nopCommerce" tests="5" failures="0" timestamp="26 Apr 2020 08:17:27 GMT" time="0.016" errors="0">
  <testcase name="goToNopCommerce" time="0.005" classname="TestngPractice.nopCommerce"/>
  <testcase name="signIN" time="0.003" classname="TestngPractice.nopCommerce"/>
  <testcase name="SearchProduct" time="0.003" classname="TestngPractice.nopCommerce"/>
  <testcase name="AddToCart" time="0.003" classname="TestngPractice.nopCommerce"/>
  <testcase name="LogOut" time="0.002" classname="TestngPractice.nopCommerce"/>
</testsuite> <!-- TestngPractice.nopCommerce -->
