<?xml version="1.0" encoding="UTF-8"?>
<!-- Generated by org.testng.reporters.JUnitReportReporter -->
<testsuite skipped="0" hostname="DESKTOP-4KD4H5I" name="TestngPractice.KickOff" tests="1" failures="0" timestamp="27 Apr 2020 08:08:00 GMT" time="7.367" errors="0">
  <testcase name="openWebsite" time="7.367" classname="TestngPractice.KickOff"/>
</testsuite> <!-- TestngPractice.KickOff -->
