<?xml version="1.0" encoding="UTF-8"?>
<!-- Generated by org.testng.reporters.JUnitReportReporter -->
<testsuite skipped="0" hostname="DESKTOP-4KD4H5I" name="Tests.TestRunner" tests="2" failures="0" timestamp="28 Apr 2020 11:29:48 GMT" time="7.127" errors="0">
  <testcase name="signUpInWebsite" time="4.397" classname="Tests.TestRunner"/>
  <testcase name="SignInToWebsite" time="2.730" classname="Tests.TestRunner"/>
</testsuite> <!-- Tests.TestRunner -->
