<?xml version="1.0" encoding="UTF-8"?>
<!-- Generated by org.testng.reporters.JUnitReportReporter -->
<testsuite skipped="0" hostname="DESKTOP-4KD4H5I" name="TestngPractice.TestRunner" tests="3" failures="0" timestamp="27 Apr 2020 08:50:50 GMT" time="10.198" errors="0">
  <testcase name="OpenHomePage" time="6.472" classname="TestngPractice.TestRunner"/>
  <testcase name="MoveToUser" time="0.167" classname="TestngPractice.TestRunner"/>
  <testcase name="ClickOnRegisterbutton" time="3.559" classname="TestngPractice.TestRunner"/>
</testsuite> <!-- TestngPractice.TestRunner -->
