<?xml version="1.0" encoding="UTF-8"?>
<!-- Generated by org.testng.reporters.JUnitReportReporter -->
<testsuite skipped="0" hostname="DESKTOP-4KD4H5I" name="TestngPractice.practice" tests="1" failures="0" timestamp="27 Apr 2020 08:49:34 GMT" time="18.110" errors="0">
  <testcase name="MouseActions" time="18.110" classname="TestngPractice.practice"/>
</testsuite> <!-- TestngPractice.practice -->
