<?xml version="1.0" encoding="UTF-8"?>
<!-- Generated by org.testng.reporters.JUnitReportReporter -->
<testsuite skipped="0" hostname="DESKTOP-4KD4H5I" name="Runner" tests="1" failures="0" timestamp="26 Apr 2020 07:35:15 GMT" time="0.012" errors="0">
  <testcase name="test1" time="0.012" classname="Runner"/>
</testsuite> <!-- Runner -->
