<?xml version="1.0" encoding="UTF-8"?>
<!-- Generated by org.testng.reporters.JUnitReportReporter -->
<testsuite skipped="0" hostname="DESKTOP-4KD4H5I" name="Tests.TestRunner" tests="3" failures="0" timestamp="28 Apr 2020 18:10:27 GMT" time="22.466" errors="0">
  <testcase name="signUp_Website" time="5.140" classname="Tests.TestRunner"/>
  <testcase name="SignIn_Website" time="1.766" classname="Tests.TestRunner"/>
  <testcase name="closeBrowser" time="15.560" classname="Tests.TestRunner"/>
</testsuite> <!-- Tests.TestRunner -->
